<?xml version="1.0" encoding="UTF-8"?>
<testng-results ignored="0" total="2" passed="2" failed="0" skipped="0">
  <reporter-output>
  </reporter-output>
  <suite started-at="2023-09-01T10:04:22 IST" name="Suite" finished-at="2023-09-01T10:04:30 IST" duration-ms="8251">
    <groups>
    </groups>
    <test started-at="2023-09-01T10:04:22 IST" name="Test" finished-at="2023-09-01T10:04:30 IST" duration-ms="8251">
      <class name="CrossBrowserTest.Browser1">
        <test-method signature="edge()[pri:0, instance:CrossBrowserTest.Browser1@4b0b0854]" started-at="2023-09-01T10:04:22 IST" name="edge" finished-at="2023-09-01T10:04:28 IST" duration-ms="5560" status="PASS">
          <reporter-output>
          </reporter-output>
        </test-method> <!-- edge -->
      </class> <!-- CrossBrowserTest.Browser1 -->
      <class name="CrossBrowserTest.Browser">
        <test-method signature="chrome()[pri:0, instance:CrossBrowserTest.Browser@654f0d9c]" started-at="2023-09-01T10:04:28 IST" name="chrome" finished-at="2023-09-01T10:04:30 IST" duration-ms="2623" status="PASS">
          <reporter-output>
          </reporter-output>
        </test-method> <!-- chrome -->
      </class> <!-- CrossBrowserTest.Browser -->
    </test> <!-- Test -->
  </suite> <!-- Suite -->
</testng-results>
